<?xml version="1.0" ?>
<!DOCTYPE coverage SYSTEM "http://cobertura.sourceforge.net/xml/coverage-04.dtd">
<coverage lines-valid="2"  lines-covered="2"  line-rate="1"  branches-valid="0"  branches-covered="0"  branch-rate="1"  timestamp="1471428824163" complexity="0" version="0.1">
<sources>
	<source>/Users/p/projects/x-sdk</source>
</sources>
<packages>
	<package name="tests"  line-rate="1"  branch-rate="1" >
	<classes>
		<class name="webpack.tests.js"  filename="tests/webpack.tests.js"  line-rate="1"  branch-rate="1" >
		<methods>
		</methods>
		<lines>
			<line number="1"  hits="1"  branch="false" />
			<line number="2"  hits="1"  branch="false" />
		</lines>
		</class>
	</classes>
	</package>
</packages>
</coverage>
